{"component":"server","level":"info","message":"MediaPlayer API server started MediaPlayer API server started","metadata":{"environment":"development","port":3001,"timestamp":"2025-08-26T14:24:02.869Z"},"service":"backend","timestamp":"2025-08-26T14:24:02.870Z"}
{"component":"server","level":"info","message":"MediaPlayer API server started MediaPlayer API server started","metadata":{"environment":"development","port":3001,"timestamp":"2025-08-26T14:24:21.373Z"},"service":"backend","timestamp":"2025-08-26T14:24:21.375Z"}
{"component":"server","level":"info","message":"MediaPlayer API server started MediaPlayer API server started","metadata":{"environment":"development","port":3001,"timestamp":"2025-08-26T14:42:15.758Z"},"service":"backend","timestamp":"2025-08-26T14:42:15.759Z"}
{"component":"server","level":"info","message":"MediaPlayer API server started MediaPlayer API server started","metadata":{"environment":"development","port":3001,"timestamp":"2025-08-26T16:08:14.273Z"},"service":"backend","timestamp":"2025-08-26T16:08:14.274Z"}
{"component":"server","level":"info","message":"MediaPlayer API server started MediaPlayer API server started","metadata":{"environment":"development","port":3001,"timestamp":"2025-08-26T17:29:07.389Z"},"service":"backend","timestamp":"2025-08-26T17:29:07.390Z"}
{"component":"server","level":"info","message":"MediaPlayer API server started MediaPlayer API server started","metadata":{"environment":"development","port":3001,"timestamp":"2025-08-27T05:27:48.219Z"},"service":"backend","timestamp":"2025-08-27T05:27:48.220Z"}
{"component":"server","level":"info","message":"MediaPlayer API server started MediaPlayer API server started","metadata":{"environment":"development","port":"3201","timestamp":"2025-08-29T07:29:50.141Z"},"service":"backend","timestamp":"2025-08-29T07:29:50.142Z"}
{"component":"health","level":"info","message":"Health check requested Health check requested","metadata":{"ip":"::1","userAgent":"curl/8.14.1"},"service":"backend","timestamp":"2025-08-29T07:29:53.333Z"}
{"component":"http","level":"info","message":"::1 - - [29/Aug/2025:07:29:53 +0000] \"GET /health HTTP/1.1\" 200 87 \"-\" \"curl/8.14.1\" ::1 - - [29/Aug/2025:07:29:53 +0000] \"GET /health HTTP/1.1\" 200 87 \"-\" \"curl/8.14.1\"","service":"backend","timestamp":"2025-08-29T07:29:53.341Z"}
{"component":"health","level":"info","message":"Health check requested Health check requested","metadata":{"ip":"::1","userAgent":"Mozilla/5.0 (Windows NT; Windows NT 10.0; en-US) WindowsPowerShell/5.1.26100.4768"},"service":"backend","timestamp":"2025-08-29T07:30:13.858Z"}
{"component":"http","level":"info","message":"::1 - - [29/Aug/2025:07:30:13 +0000] \"GET /health HTTP/1.1\" 200 87 \"-\" \"Mozilla/5.0 (Windows NT; Windows NT 10.0; en-US) WindowsPowerShell/5.1.26100.4768\" ::1 - - [29/Aug/2025:07:30:13 +0000] \"GET /health HTTP/1.1\" 200 87 \"-\" \"Mozilla/5.0 (Windows NT; Windows NT 10.0; en-US) WindowsPowerShell/5.1.26100.4768\"","service":"backend","timestamp":"2025-08-29T07:30:13.860Z"}
{"component":"server","level":"info","message":"MediaPlayer API server started MediaPlayer API server started","metadata":{"environment":"development","port":"3201 ","timestamp":"2025-08-29T07:45:38.206Z"},"service":"backend","timestamp":"2025-08-29T07:45:38.208Z"}
{"component":"health","level":"info","message":"Health check requested Health check requested","metadata":{"ip":"::1","userAgent":"Mozilla/5.0 (Windows NT; Windows NT 10.0; en-US) WindowsPowerShell/5.1.26100.4768"},"service":"backend","timestamp":"2025-08-29T07:45:54.523Z"}
{"component":"http","level":"info","message":"::1 - - [29/Aug/2025:07:45:54 +0000] \"GET /health HTTP/1.1\" 200 87 \"-\" \"Mozilla/5.0 (Windows NT; Windows NT 10.0; en-US) WindowsPowerShell/5.1.26100.4768\" ::1 - - [29/Aug/2025:07:45:54 +0000] \"GET /health HTTP/1.1\" 200 87 \"-\" \"Mozilla/5.0 (Windows NT; Windows NT 10.0; en-US) WindowsPowerShell/5.1.26100.4768\"","service":"backend","timestamp":"2025-08-29T07:45:54.530Z"}
{"action":"server_started","component":"Server","level":"info","message":"Backend server running on port 3001 Backend server running on port 3001","metadata":{"environment":"development","port":3001},"service":"backend","timestamp":"2025-08-30T05:45:58.141Z"}
{"action":"startup","component":"Server","level":"info","message":"MediaPlayer Backend server running on port 3201 MediaPlayer Backend server running on port 3201","metadata":{"env":"development","port":3201},"service":"backend","timestamp":"2025-08-30T05:47:52.689Z"}
{"action":"startup","component":"Server","level":"info","message":"MediaPlayer Backend server running on port 3201 MediaPlayer Backend server running on port 3201","metadata":{"env":"development","port":3201},"service":"backend","timestamp":"2025-08-30T06:31:05.660Z"}
{"action":"startup","component":"Server","level":"info","message":"MediaPlayer Backend server running on port 3201 MediaPlayer Backend server running on port 3201","metadata":{"env":"development","port":3201},"service":"backend","timestamp":"2025-08-30T06:47:14.308Z"}
{"action":"startup","component":"Server","level":"info","message":"MediaPlayer Backend server running on port 3201 MediaPlayer Backend server running on port 3201","metadata":{"env":"development","port":"3201"},"service":"backend","timestamp":"2025-08-30T07:06:01.967Z"}
{"action":"startup","component":"Server","level":"info","message":"MediaPlayer Backend server running on port 3201 MediaPlayer Backend server running on port 3201","metadata":{"env":"development","port":"3201"},"service":"backend","timestamp":"2025-08-30T07:13:32.997Z"}
